This file contains any messages produced by compilers while
running configure, to aid debugging if configure makes a mistake.

It was created by NachOS-SHELL configure 0.0, which was
generated by GNU Autoconf 2.52.  Invocation command line was

  $ ./configure 

## ---------- ##
## Platform.  ##
## ---------- ##

hostname = localhost.localdomain
uname -m = x86_64
uname -r = 3.10.0-693.el7.x86_64
uname -s = Linux
uname -v = #1 SMP Thu Jul 6 19:56:57 EDT 2017

/usr/bin/uname -p = x86_64
/bin/uname -X     = unknown

/bin/arch              = x86_64
/usr/bin/arch -k       = unknown
/usr/convex/getsysinfo = unknown
hostinfo               = unknown
/bin/machine           = unknown
/usr/bin/oslevel       = unknown
/bin/universe          = unknown

PATH = /usr/local/sbin:/usr/local/bin:/sbin:/bin:/usr/sbin:/usr/bin:/root/bin

## ------------ ##
## Core tests.  ##
## ------------ ##

configure:952: PATH=".;."; conftest.sh
./configure: line 953: conftest.sh: command not found
configure:955: $? = 127
configure:1010: checking for gcc
configure:1025: found /bin/gcc
configure:1033: result: gcc
configure:1261: checking for C compiler version
configure:1264: gcc --version </dev/null >&5
gcc (GCC) 4.8.5 20150623 (Red Hat 4.8.5-16)
Copyright (C) 2015 Free Software Foundation, Inc.
This is free software; see the source for copying conditions.  There is NO
warranty; not even for MERCHANTABILITY or FITNESS FOR A PARTICULAR PURPOSE.

configure:1267: $? = 0
configure:1269: gcc -v </dev/null >&5
Using built-in specs.
COLLECT_GCC=gcc
COLLECT_LTO_WRAPPER=/usr/libexec/gcc/x86_64-redhat-linux/4.8.5/lto-wrapper
Target: x86_64-redhat-linux
Configured with: ../configure --prefix=/usr --mandir=/usr/share/man --infodir=/usr/share/info --with-bugurl=http://bugzilla.redhat.com/bugzilla --enable-bootstrap --enable-shared --enable-threads=posix --enable-checking=release --with-system-zlib --enable-__cxa_atexit --disable-libunwind-exceptions --enable-gnu-unique-object --enable-linker-build-id --with-linker-hash-style=gnu --enable-languages=c,c++,objc,obj-c++,java,fortran,ada,go,lto --enable-plugin --enable-initfini-array --disable-libgcj --with-isl=/builddir/build/BUILD/gcc-4.8.5-20150702/obj-x86_64-redhat-linux/isl-install --with-cloog=/builddir/build/BUILD/gcc-4.8.5-20150702/obj-x86_64-redhat-linux/cloog-install --enable-gnu-indirect-function --with-tune=generic --with-arch_32=x86-64 --build=x86_64-redhat-linux
Thread model: posix
gcc version 4.8.5 20150623 (Red Hat 4.8.5-16) (GCC) 
configure:1272: $? = 0
configure:1274: gcc -V </dev/null >&5
gcc: error: unrecognized command line option '-V'
gcc: fatal error: no input files
compilation terminated.
configure:1277: $? = 4
configure:1297: checking for C compiler default output
configure:1300: gcc    conftest.c  >&5
configure:1303: $? = 0
configure:1332: result: a.out
configure:1337: checking whether the C compiler works
configure:1343: ./a.out
configure:1346: $? = 0
configure:1361: result: yes
configure:1368: checking whether we are cross compiling
configure:1370: result: no
configure:1373: checking for executable suffix
configure:1375: gcc -o conftest    conftest.c  >&5
configure:1378: $? = 0
configure:1400: result: 
configure:1406: checking for object suffix
configure:1424: gcc -c   conftest.c >&5
configure:1427: $? = 0
configure:1446: result: o
configure:1450: checking whether we are using the GNU C compiler
configure:1471: gcc -c   conftest.c >&5
configure:1474: $? = 0
configure:1477: test -s conftest.o
configure:1480: $? = 0
configure:1492: result: yes
configure:1498: checking whether gcc accepts -g
configure:1516: gcc -c -g  conftest.c >&5
configure:1519: $? = 0
configure:1522: test -s conftest.o
configure:1525: $? = 0
configure:1535: result: yes
configure:1562: gcc -c -g -O2  conftest.c >&5
conftest.c:2:3: error: unknown type name 'choke'
   choke me
   ^
conftest.c:2:3: error: expected '=', ',', ';', 'asm' or '__attribute__' at end of input
configure:1565: $? = 1
configure: failed program was:
#ifndef __cplusplus
  choke me
#endif
configure:1701: checking for strip
configure:1716: found /bin/strip
configure:1724: result: strip
configure:1774: checking for ld
configure:1789: found /bin/ld
configure:1797: result: ld
configure:1812: checking for main in -lc
configure:1832: gcc -o conftest -g -O2   conftest.c -lc   >&5
configure:1835: $? = 0
configure:1838: test -s conftest
configure:1841: $? = 0
configure:1852: result: yes
configure:1865: checking for main in -lpthread
configure:1885: gcc -o conftest -g -O2   conftest.c -lpthread  -lc  >&5
configure:1888: $? = 0
configure:1891: test -s conftest
configure:1894: $? = 0
configure:1905: result: yes
configure:1922: checking how to run the C preprocessor
configure:1948: gcc -E  conftest.c
configure:1954: $? = 0
configure:1981: gcc -E  conftest.c
configure:1978:28: fatal error: ac_nonexistent.h: No such file or directory
 #include "confdefs.h"
                            ^
compilation terminated.
configure:1987: $? = 1
configure: failed program was:
#line 1977 "configure"
#include "confdefs.h"
#include <ac_nonexistent.h>
configure:2024: result: gcc -E
configure:2039: gcc -E  conftest.c
configure:2045: $? = 0
configure:2072: gcc -E  conftest.c
configure:2069:28: fatal error: ac_nonexistent.h: No such file or directory
 #include "confdefs.h"
                            ^
compilation terminated.
configure:2078: $? = 1
configure: failed program was:
#line 2068 "configure"
#include "confdefs.h"
#include <ac_nonexistent.h>
configure:2117: checking for ANSI C header files
configure:2131: gcc -E  conftest.c
configure:2137: $? = 0
configure:2224: gcc -o conftest -g -O2   conftest.c -lpthread -lc  >&5
configure: In function 'main':
configure:2216:7: warning: incompatible implicit declaration of built-in function 'exit' [enabled by default]
   for (i = 0; i < 256; i++)
       ^
configure:2227: $? = 0
configure:2229: ./conftest
configure:2232: $? = 0
configure:2245: result: yes
configure:2255: checking for sys/wait.h that is POSIX.1 compatible
configure:2283: gcc -c -g -O2  conftest.c >&5
configure:2286: $? = 0
configure:2289: test -s conftest.o
configure:2292: $? = 0
configure:2302: result: yes
configure:2315: checking for fcntl.h
configure:2325: gcc -E  conftest.c
configure:2331: $? = 0
configure:2350: result: yes
configure:2315: checking for stdlib.h
configure:2325: gcc -E  conftest.c
configure:2331: $? = 0
configure:2350: result: yes
configure:2315: checking for string.h
configure:2325: gcc -E  conftest.c
configure:2331: $? = 0
configure:2350: result: yes
configure:2315: checking for sys/file.h
configure:2325: gcc -E  conftest.c
configure:2331: $? = 0
configure:2350: result: yes
configure:2315: checking for sys/time.h
configure:2325: gcc -E  conftest.c
configure:2331: $? = 0
configure:2350: result: yes
configure:2315: checking for unistd.h
configure:2325: gcc -E  conftest.c
configure:2331: $? = 0
configure:2350: result: yes
configure:2367: checking for sys/types.h
configure:2379: gcc -c -g -O2  conftest.c >&5
configure:2382: $? = 0
configure:2385: test -s conftest.o
configure:2388: $? = 0
configure:2398: result: yes
configure:2367: checking for sys/stat.h
configure:2379: gcc -c -g -O2  conftest.c >&5
configure:2382: $? = 0
configure:2385: test -s conftest.o
configure:2388: $? = 0
configure:2398: result: yes
configure:2367: checking for stdlib.h
configure:2398: result: yes
configure:2367: checking for string.h
configure:2398: result: yes
configure:2367: checking for memory.h
configure:2379: gcc -c -g -O2  conftest.c >&5
configure:2382: $? = 0
configure:2385: test -s conftest.o
configure:2388: $? = 0
configure:2398: result: yes
configure:2367: checking for strings.h
configure:2379: gcc -c -g -O2  conftest.c >&5
configure:2382: $? = 0
configure:2385: test -s conftest.o
configure:2388: $? = 0
configure:2398: result: yes
configure:2367: checking for inttypes.h
configure:2379: gcc -c -g -O2  conftest.c >&5
configure:2382: $? = 0
configure:2385: test -s conftest.o
configure:2388: $? = 0
configure:2398: result: yes
configure:2367: checking for stdint.h
configure:2379: gcc -c -g -O2  conftest.c >&5
configure:2382: $? = 0
configure:2385: test -s conftest.o
configure:2388: $? = 0
configure:2398: result: yes
configure:2367: checking for unistd.h
configure:2398: result: yes
configure:2408: checking for pid_t
configure:2429: gcc -c -g -O2  conftest.c >&5
configure:2432: $? = 0
configure:2435: test -s conftest.o
configure:2438: $? = 0
configure:2448: result: yes
configure:2460: checking for size_t
configure:2481: gcc -c -g -O2  conftest.c >&5
configure:2484: $? = 0
configure:2487: test -s conftest.o
configure:2490: $? = 0
configure:2500: result: yes
configure:2517: checking for unistd.h
configure:2552: result: yes
configure:2517: checking for vfork.h
configure:2527: gcc -E  conftest.c
configure:2524:19: fatal error: vfork.h: No such file or directory
 #include "confdefs.h"
                   ^
compilation terminated.
configure:2533: $? = 1
configure: failed program was:
#line 2523 "configure"
#include "confdefs.h"
#include <vfork.h>
configure:2552: result: no
configure:2565: checking for fork
configure:2602: gcc -o conftest -g -O2   conftest.c -lpthread -lc  >&5
configure:2581:6: warning: conflicting types for built-in function 'fork' [enabled by default]
    builtin and then its argument prototype would still apply.  */
      ^
configure:2605: $? = 0
configure:2608: test -s conftest
configure:2611: $? = 0
configure:2621: result: yes
configure:2565: checking for vfork
configure:2602: gcc -o conftest -g -O2   conftest.c -lpthread -lc  >&5
configure:2605: $? = 0
configure:2608: test -s conftest
configure:2611: $? = 0
configure:2621: result: yes
configure:2633: checking for working fork
configure:2676: result: yes
configure:2695: checking for working vfork
configure:2821: result: yes
configure:2933: creating ./config.status

## ----------------------- ##
## Running config.status.  ##
## ----------------------- ##

This file was extended by config.status (NachOS-SHELL 0.0) 2.52, executed with
  CONFIG_FILES    = 
  CONFIG_HEADERS  = 
  CONFIG_LINKS    = 
  CONFIG_COMMANDS = 
  > ./config.status 
on localhost.localdomain

config.status:3363: creating Makefile
config.status:3454: creating config.h

## ----------------- ##
## Cache variables.  ##
## ----------------- ##

ac_cv_c_compiler_gnu=yes
ac_cv_env_CC_set=
ac_cv_env_CC_value=
ac_cv_env_CFLAGS_set=
ac_cv_env_CFLAGS_value=
ac_cv_env_CPPFLAGS_set=
ac_cv_env_CPPFLAGS_value=
ac_cv_env_CPP_set=
ac_cv_env_CPP_value=
ac_cv_env_LDFLAGS_set=
ac_cv_env_LDFLAGS_value=
ac_cv_env_build_alias_set=
ac_cv_env_build_alias_value=
ac_cv_env_host_alias_set=
ac_cv_env_host_alias_value=
ac_cv_env_target_alias_set=
ac_cv_env_target_alias_value=
ac_cv_func_fork=yes
ac_cv_func_fork_works=yes
ac_cv_func_vfork=yes
ac_cv_func_vfork_works=yes
ac_cv_header_fcntl_h=yes
ac_cv_header_inttypes_h=yes
ac_cv_header_memory_h=yes
ac_cv_header_stdc=yes
ac_cv_header_stdint_h=yes
ac_cv_header_stdlib_h=yes
ac_cv_header_string_h=yes
ac_cv_header_strings_h=yes
ac_cv_header_sys_file_h=yes
ac_cv_header_sys_stat_h=yes
ac_cv_header_sys_time_h=yes
ac_cv_header_sys_types_h=yes
ac_cv_header_sys_wait_h=yes
ac_cv_header_unistd_h=yes
ac_cv_header_vfork_h=no
ac_cv_lib_c_main=yes
ac_cv_lib_pthread_main=yes
ac_cv_objext=o
ac_cv_prog_CPP='gcc -E'
ac_cv_prog_ac_ct_CC=gcc
ac_cv_prog_ac_ct_LD=ld
ac_cv_prog_ac_ct_STRIP=strip
ac_cv_prog_cc_g=yes
ac_cv_type_pid_t=yes
ac_cv_type_size_t=yes

## ------------ ##
## confdefs.h.  ##
## ------------ ##

#define HAVE_LIBC 1
#define HAVE_LIBPTHREAD 1
#define STDC_HEADERS 1
#define HAVE_SYS_WAIT_H 1
#define HAVE_FCNTL_H 1
#define HAVE_STDLIB_H 1
#define HAVE_STRING_H 1
#define HAVE_SYS_FILE_H 1
#define HAVE_SYS_TIME_H 1
#define HAVE_UNISTD_H 1
#define HAVE_SYS_TYPES_H 1
#define HAVE_SYS_STAT_H 1
#define HAVE_STDLIB_H 1
#define HAVE_STRING_H 1
#define HAVE_MEMORY_H 1
#define HAVE_STRINGS_H 1
#define HAVE_INTTYPES_H 1
#define HAVE_STDINT_H 1
#define HAVE_UNISTD_H 1
#define HAVE_UNISTD_H 1
#define HAVE_FORK 1
#define HAVE_VFORK 1
#define HAVE_WORKING_VFORK 1
#define HAVE_WORKING_FORK 1


configure: exit 0
